[	16-01-2021 13:14:05	] [KICK ACTION] Player: Xortex | NIKOKS GAMING has kicked: Snow Waren I Tw_epk_du_45 for: You have been kicked. Reason: STOP SPAM !!!!.
[	16-01-2021 18:42:48	] [KICK ACTION] Player: Xortex | NIKOKS GAMING has kicked: Lyes Saudi for: You have been kicked. Reason: Tu es censé être mort RP..
[	18-01-2021 19:15:19	] [KICK ACTION] Player: Xortex | NIKOKS GAMING has kicked: Kezelo_ for: You have been kicked. Reason: Calme sur t'es mots !.
[	25-01-2021 20:48:45	] [KICK ACTION] Player: Xortex | NIKOKS GAMING has kicked: Hamid Bourouza for: You have been kicked. Reason: FreeKill.
[	18-02-2021 17:26:49	] [KICK ACTION] Player: Xortex | NIKOKS GAMING has kicked: NekRoz_ for: You have been kicked. Reason: REBOOT.
[	07-04-2021 13:56:24	] [KICK ACTION] Player: TheDark has kicked: Tom Makarov for: You have been kicked. Reason: fdp.
[	07-04-2021 15:14:38	] [KICK ACTION] Player: TheDark has kicked: David Smith for: You have been kicked. Reason: REBOOT.
[	07-04-2021 15:14:45	] [KICK ACTION] Player: TheDark has kicked: Tom Makarov for: You have been kicked. Reason: REBOOT.
[	30-04-2021 20:08:39	] [BAN ACTION] A new ban record has been added. Player: 'consenguin' was banned by 'twitch.tv/thedark13__' for 'Trolleur
Your ban id: 96b6d46b-2a49-4c26-9a04-fc37076b215e' until '01/01/3000 00:00:00'.
[	30-04-2021 22:11:00	] [BAN ACTION] A new ban record has been added. Player: 'Hamza Zitoune' was banned by 'twitch.tv/thedark13__' for 'Banned by staff.
Your ban id: 9d543fd1-a648-4f5f-9276-16eadd4c288c' until '01/01/3000 00:00:00'.
[	01-05-2021 17:49:21	] [BAN ACTION] A new ban record has been added. Player: 'reco' was banned by 'twitch.tv/thedark13__' for 'Essaye de BUG
Your ban id: 626b929e-eba5-4114-800e-88d1426bafd3' until '05/01/2021 18:01:21'.
[	01-05-2021 17:49:38	] [BAN ACTION] A new ban record has been added. Player: 'Arigato-Sama / yassine bouzidi' was banned by 'twitch.tv/thedark13__' for 'Essaye de BUg
Your ban id: 0557c8d4-6c86-488a-aa09-cb423d680892' until '05/01/2021 18:01:38'.
[	02-05-2021 13:35:43	] [BAN ACTION] A new ban record has been added. Player: 'reco' was banned by 'twitch.tv/thedark13__' for 'Tu casse les couille est en plus tu fait que chercher les point au lien de jouer rp
Your ban id: a8181126-c40a-480c-abba-3133a398aa9d' until '05/02/2021 13:53:43'.
[	02-05-2021 14:06:52	] [BAN ACTION] A new ban record has been added. Player: 'reco' was banned by 'twitch.tv/thedark13__' for 'Banned by staff.
Your ban id: 89495ff9-b7f0-4d1f-89b9-3ca310d29adb' until '01/01/3000 00:00:00'.
[	02-05-2021 14:11:27	] [BAN ACTION] The following ban record has been removed (player unbanned). [Player: reco was banned by twitch.tv/thedark13__ for Banned by staff.
Your ban id: 89495ff9-b7f0-4d1f-89b9-3ca310d29adb until 01/01/3000 00:00:00.]
[	07-05-2021 20:49:03	] [BAN ACTION] A new ban record has been added. Player: 'Alan Sanchez' was banned by 'twitch.tv/thedark13__' for 'Tu casse les couille de h24 troll
Your ban id: cec2640c-bcc0-4728-9e72-b8b1ab61ba8e' until '05/07/2021 22:19:03'.
[	08-05-2021 20:31:29	] [BAN ACTION] A new ban record has been added. Player: 'Junior Escobar' was banned by 'twitch.tv/thedark13__' for 'Banned by staff.
Your ban id: 69452f91-1fef-4dd6-a77e-53712ef09c04' until '05/08/2021 20:43:29'.
